<?xml version="1.0" encoding="UTF-8"?>
<testng-results ignored="0" total="1" passed="1" failed="0" skipped="0">
  <reporter-output>
  </reporter-output>
  <suite started-at="2024-10-11T17:06:41 IST" name="Default suite" finished-at="2024-10-11T17:06:45 IST" duration-ms="4399">
    <groups>
    </groups>
    <test started-at="2024-10-11T17:06:41 IST" name="Default test" finished-at="2024-10-11T17:06:45 IST" duration-ms="4399">
      <class name="com.ecommerceapi.ecommerceappapi">
        <test-method signature="ecommerce()[pri:0, instance:com.ecommerceapi.ecommerceappapi@6069db50]" started-at="2024-10-11T17:06:41 IST" name="ecommerce" finished-at="2024-10-11T17:06:45 IST" duration-ms="4298" status="PASS">
          <reporter-output>
          </reporter-output>
        </test-method> <!-- ecommerce -->
      </class> <!-- com.ecommerceapi.ecommerceappapi -->
    </test> <!-- Default test -->
  </suite> <!-- Default suite -->
</testng-results>
